123
218
281
284
287
291
331
338
344
350
375
583
625
659
688
898
916
918
951
994
1002
1024
1033
1062
1080
1105
1108
1114
1116
1118
1125
1169
1188
1190
1223
1225
1339
1402
1439
1454
1476
1482
1496
1623
1651
1668
1677
1698
1727
1734
1741
1846
1861
1882
1887
2003
2007
2016
2022
2032
2053
2058
2248
2308
2341
2363
2393
2517
2539
2660
2732
2751
2874
2996
3001
3174
3186
3198
3229
3298
3316
3326
3372
3374
3387
3392
3396
3400
3401
3413
3423
3427
3452
3454
3463
3468
3471
3483
3539
3543
3618
3633
3635
3641
3644
3735
3871
3881
3904
3930
3940
3949
3952
3971
3980
4008
4042
4089
4092
4116
4170
4181
4211
4225
4230
4261
4274
4518
4553
4556
4644
4689
4724
4736
4759
4779
4793
4831
4874
4895
4965
5010
5095
5108
5201
5249
5276
5292
5360
5405
5451
5549
5585
5586
5589
5591
5593
5594
5596
5597
5602
5752
6020
6057
