123
218
281
286
288
292
329
339
348
350
384
586
618
664
692
902
919
924
948
997
1005
1010
1013
1066
1080
1110
1115
1118
1120
1137
1138
1177
1182
1193
1214
1233
1336
1439
1446
1463
1478
1481
1505
1624
1663
1676
1682
1712
1737
1739
1742
1848
1865
1892
1893
1995
1998
2016
2025
2039
2059
2067
2253
2303
2329
2370
2386
2509
2551
2667
2741
2747
2886
3001
3018
3159
3202
3212
3223
3302
3316
3340
3384
3394
3395
3398
3401
3411
3412
3419
3428
3435
3448
3463
3464
3469
3478
3485
3545
3559
3620
3627
3641
3644
3649
3740
3880
3895
3906
3931
3946
3957
3959
3983
3984
4021
4055
4103
4105
4129
4182
4188
4218
4232
4236
4268
4273
4526
4560
4561
4650
4697
4731
4741
4762
4783
4798
4835
4879
4900
4972
5016
5101
5114
5204
5255
5282
5298
5365
5413
5456
5555
5591
5592
5593
5595
5596
5597
5599
5600
5608
5757
6026
6062
